<?xml version="1.0" encoding="UTF-8"?>
<testng-results ignored="0" total="1" passed="1" failed="0" skipped="0">
  <reporter-output>
  </reporter-output>
  <suite started-at="2024-07-22T03:21:05Z" name="Default suite" finished-at="2024-07-22T03:21:08Z" duration-ms="3163">
    <groups>
    </groups>
    <test started-at="2024-07-22T03:21:05Z" name="Default test" finished-at="2024-07-22T03:21:08Z" duration-ms="3163">
      <class name="Testing.NewTest">
        <test-method signature="f()[pri:0, instance:Testing.NewTest@327bcebd]" started-at="2024-07-21T21:21:05Z" name="f" finished-at="2024-07-21T21:21:08Z" duration-ms="3147" status="PASS">
          <reporter-output>
          </reporter-output>
        </test-method> <!-- f -->
      </class> <!-- Testing.NewTest -->
    </test> <!-- Default test -->
  </suite> <!-- Default suite -->
</testng-results>
